SF:lib\funcionalidades\autenticacion\auth_cubit.dart
DA:14,3
DA:15,2
DA:16,1
DA:17,1
DA:25,1
DA:27,2
DA:28,2
DA:29,1
DA:34,1
DA:35,2
DA:38,2
DA:43,1
DA:44,3
DA:45,1
DA:48,2
DA:49,2
DA:50,0
DA:51,2
DA:52,0
DA:54,2
DA:55,2
DA:57,1
DA:58,0
DA:59,0
DA:60,1
DA:61,1
DA:62,2
DA:63,1
DA:64,1
DA:65,2
DA:69,0
DA:71,3
DA:73,1
DA:74,2
DA:75,2
DA:78,1
DA:81,1
DA:82,1
DA:83,2
DA:84,1
DA:85,1
DA:86,4
DA:87,0
DA:89,0
DA:96,0
DA:97,0
DA:98,0
DA:99,0
DA:100,0
DA:103,1
DA:104,1
DA:105,1
DA:107,4
DA:108,1
LF:54
LH:42
end_of_record
SF:lib\funcionalidades\autenticacion\auth_estado.dart
DA:8,0
DA:9,0
DA:13,2
DA:16,1
DA:17,2
DA:21,1
DA:22,1
DA:28,1
DA:29,1
DA:35,0
DA:36,0
DA:42,0
DA:43,0
DA:49,0
DA:50,0
DA:56,0
DA:57,0
LF:17
LH:7
end_of_record
SF:lib\funcionalidades\autenticacion\autenticacion_repositorio.dart
DA:10,0
DA:15,0
DA:17,0
DA:18,0
DA:22,0
DA:23,0
DA:24,0
DA:26,0
DA:32,0
DA:34,0
DA:35,0
DA:39,0
DA:40,0
DA:41,0
DA:43,0
DA:48,0
DA:52,0
DA:54,0
DA:56,0
DA:63,0
DA:65,0
DA:66,0
DA:67,0
DA:70,0
DA:71,0
DA:72,0
DA:74,0
DA:75,0
DA:76,0
DA:77,0
DA:79,0
DA:85,0
DA:87,0
DA:88,0
DA:92,0
DA:93,0
DA:94,0
DA:96,0
DA:102,0
DA:104,0
DA:105,0
DA:106,0
DA:107,0
DA:108,0
DA:110,0
DA:115,0
DA:116,0
DA:117,0
DA:120,0
DA:122,0
DA:123,0
DA:125,0
DA:126,0
DA:128,0
DA:133,0
DA:134,0
DA:135,0
DA:136,0
DA:137,0
DA:141,0
DA:143,0
DA:144,0
DA:145,0
DA:146,0
DA:147,0
DA:149,0
DA:155,0
DA:157,0
DA:158,0
DA:159,0
DA:160,0
DA:161,0
DA:162,0
DA:163,0
DA:164,0
DA:165,0
LF:76
LH:0
end_of_record
SF:lib\funcionalidades\autenticacion\login_cubit.dart
DA:10,6
DA:13,6
DA:15,2
DA:16,2
DA:18,4
DA:19,4
DA:23,4
DA:24,0
DA:28,4
DA:31,4
DA:32,4
DA:33,2
DA:34,6
DA:35,1
DA:36,0
DA:37,0
DA:38,1
DA:39,1
DA:40,2
LF:19
LH:16
end_of_record
SF:lib\funcionalidades\autenticacion\login_estado.dart
DA:6,0
DA:7,0
DA:11,1
DA:12,1
DA:16,1
DA:17,1
DA:21,3
DA:24,1
DA:25,2
LF:9
LH:7
end_of_record
SF:lib\funcionalidades\autenticacion\registro_cubit.dart
DA:10,6
DA:13,6
DA:15,2
DA:20,2
DA:22,6
DA:23,4
DA:27,4
DA:28,0
DA:32,2
DA:33,4
DA:37,4
DA:38,2
DA:42,4
DA:43,2
DA:47,4
DA:50,4
DA:51,4
DA:52,2
DA:53,6
DA:54,1
DA:55,0
DA:56,0
DA:57,1
DA:58,1
DA:59,2
LF:25
LH:22
end_of_record
SF:lib\funcionalidades\autenticacion\registro_estado.dart
DA:6,0
DA:7,0
DA:11,1
DA:12,1
DA:16,1
DA:17,1
DA:21,3
DA:24,1
DA:25,2
LF:9
LH:7
end_of_record
SF:lib\funcionalidades\autenticacion\usuario.dart
DA:6,33
DA:24,1
DA:25,1
DA:26,1
DA:28,1
DA:29,1
DA:30,1
DA:31,1
DA:32,1
DA:33,1
DA:34,1
DA:35,1
DA:36,1
DA:37,1
DA:38,1
DA:39,1
DA:41,1
DA:42,1
DA:43,0
DA:45,1
DA:46,1
DA:65,1
DA:68,1
DA:69,4
DA:70,3
DA:71,1
DA:72,4
DA:73,1
DA:75,1
DA:78,3
DA:79,3
DA:80,1
DA:82,1
DA:85,3
DA:86,1
DA:87,4
DA:88,3
DA:89,1
DA:90,3
DA:91,3
DA:92,1
DA:93,1
DA:95,2
DA:96,3
DA:97,2
DA:98,2
DA:99,2
DA:100,2
DA:101,2
DA:102,2
DA:103,2
DA:104,2
DA:105,2
DA:106,2
DA:110,1
DA:111,3
DA:112,5
DA:115,3
DA:117,8
DA:118,1
DA:119,4
DA:120,4
DA:121,2
DA:124,2
DA:125,2
DA:126,2
DA:127,2
DA:128,2
DA:129,2
DA:130,2
DA:131,2
DA:132,2
DA:133,2
DA:134,2
DA:135,2
DA:136,2
DA:137,2
DA:138,2
DA:139,2
DA:140,2
LF:80
LH:79
end_of_record
SF:lib\funcionalidades\auditoria_evento\auditoria_evento_repositorio.dart
DA:10,0
DA:16,0
DA:20,0
DA:22,0
DA:23,0
DA:24,0
DA:25,0
DA:26,0
DA:27,0
DA:29,0
DA:30,0
DA:31,0
DA:32,0
DA:33,0
DA:34,0
DA:36,0
DA:42,0
DA:43,0
DA:45,0
DA:46,0
DA:47,0
DA:56,0
DA:57,0
DA:58,0
DA:60,0
DA:61,0
DA:62,0
DA:63,0
DA:64,0
DA:66,0
LF:30
LH:0
end_of_record
SF:lib\funcionalidades\buscar_asistente\buscar_asistente_repositorio.dart
DA:10,0
DA:15,0
DA:17,0
DA:18,0
DA:19,0
DA:20,0
DA:21,0
DA:22,0
DA:23,0
DA:24,0
DA:25,0
DA:27,0
DA:32,0
DA:33,0
DA:34,0
DA:35,0
DA:39,0
DA:40,0
DA:42,0
DA:45,0
DA:46,0
DA:47,0
DA:48,0
DA:49,0
DA:51,0
DA:52,0
DA:53,0
DA:54,0
DA:55,0
DA:56,0
DA:57,0
DA:59,0
DA:66,0
DA:73,0
DA:75,0
DA:79,0
DA:80,0
DA:81,0
DA:82,0
DA:84,0
DA:85,0
DA:86,0
DA:88,0
DA:89,0
DA:91,0
DA:93,0
DA:98,0
DA:99,0
DA:100,0
DA:102,0
DA:103,0
DA:104,0
DA:105,0
DA:106,0
DA:107,0
DA:108,0
DA:109,0
DA:110,0
DA:111,0
DA:113,0
DA:114,0
DA:116,0
DA:121,0
DA:128,0
DA:129,0
DA:133,0
DA:134,0
DA:136,0
DA:138,0
DA:139,0
DA:140,0
DA:141,0
DA:142,0
DA:143,0
DA:145,0
LF:75
LH:0
end_of_record
SF:lib\funcionalidades\crear_evento\crear_evento_repositorio.dart
DA:12,0
DA:17,0
DA:19,0
DA:20,0
DA:21,0
DA:22,0
DA:23,0
DA:24,0
DA:25,0
DA:26,0
DA:28,0
DA:33,0
DA:35,0
DA:36,0
DA:37,0
DA:38,0
DA:39,0
DA:40,0
DA:41,0
DA:42,0
DA:43,0
DA:44,0
DA:45,0
DA:47,0
DA:52,0
DA:54,0
DA:55,0
DA:56,0
DA:57,0
DA:58,0
DA:59,0
DA:60,0
DA:61,0
DA:62,0
DA:63,0
DA:65,0
DA:70,0
DA:72,0
DA:75,0
DA:76,0
DA:77,0
DA:78,0
DA:79,0
DA:80,0
DA:83,0
DA:84,0
DA:85,0
DA:87,0
DA:89,0
DA:90,0
DA:91,0
DA:92,0
DA:93,0
DA:95,0
DA:100,0
DA:101,0
DA:103,0
DA:104,0
DA:105,0
DA:106,0
DA:107,0
DA:108,0
DA:109,0
DA:110,0
DA:112,0
DA:117,0
DA:118,0
DA:120,0
DA:121,0
DA:122,0
DA:123,0
DA:124,0
DA:126,0
DA:127,0
DA:129,0
DA:130,0
DA:131,0
DA:133,0
DA:134,0
DA:135,0
DA:137,0
DA:141,0
DA:142,0
DA:143,0
DA:144,0
DA:145,0
DA:146,0
DA:149,0
DA:150,0
DA:151,0
DA:153,0
DA:158,0
DA:163,0
DA:164,0
DA:165,0
DA:166,0
DA:167,0
DA:168,0
DA:170,0
DA:175,0
DA:180,0
DA:181,0
DA:182,0
DA:184,0
DA:185,0
DA:187,0
DA:192,0
DA:197,0
DA:198,0
DA:199,0
DA:200,0
DA:201,0
DA:202,0
DA:203,0
DA:205,0
DA:206,0
DA:208,0
DA:214,0
DA:215,0
DA:217,0
DA:218,0
DA:219,0
DA:220,0
DA:221,0
DA:222,0
DA:224,0
DA:225,0
DA:226,0
DA:227,0
DA:230,0
DA:231,0
DA:232,0
DA:233,0
DA:234,0
DA:235,0
DA:236,0
DA:238,0
DA:240,0
DA:241,0
DA:242,0
DA:243,0
DA:246,0
DA:247,0
DA:248,0
DA:249,0
DA:250,0
DA:251,0
DA:253,0
DA:257,0
DA:261,0
DA:262,0
DA:263,0
DA:265,0
DA:266,0
DA:268,0
DA:269,0
DA:271,0
DA:272,0
DA:279,0
DA:280,0
DA:282,0
DA:283,0
DA:284,0
DA:285,0
DA:286,0
DA:287,0
LF:166
LH:0
end_of_record
SF:lib\funcionalidades\crear_evento\tag_opcion.dart
DA:6,0
DA:7,0
DA:8,0
DA:9,0
DA:11,29
DA:21,1
DA:22,4
LF:7
LH:3
end_of_record
SF:lib\funcionalidades\crear_evento\tipo_evento.dart
DA:4,0
DA:5,0
DA:6,0
DA:8,29
DA:13,1
DA:14,3
LF:6
LH:3
end_of_record
SF:lib\funcionalidades\crear_usuario\crear_usuario_cubit.dart
DA:11,2
DA:15,1
DA:16,4
DA:19,1
DA:27,4
DA:28,1
DA:31,2
DA:33,1
DA:37,1
DA:40,2
DA:41,2
DA:42,1
DA:43,2
DA:44,2
DA:54,1
DA:55,1
DA:56,1
DA:57,3
DA:58,1
DA:59,1
DA:60,1
DA:64,1
DA:75,1
DA:78,1
DA:79,0
DA:80,1
DA:81,0
DA:82,0
DA:83,0
LF:29
LH:25
end_of_record
SF:lib\funcionalidades\crear_usuario\crear_usuario_estado.dart
DA:4,37
DA:8,36
DA:9,0
DA:10,0
DA:14,36
DA:15,1
DA:16,1
DA:20,36
DA:21,1
DA:22,1
DA:26,37
DA:30,1
DA:31,2
LF:13
LH:11
end_of_record
SF:lib\funcionalidades\escanear_qr\escanear_qr_repositorio.dart
DA:10,0
DA:14,0
DA:19,0
DA:21,0
DA:22,0
DA:23,0
DA:24,0
DA:25,0
DA:26,0
DA:27,0
DA:28,0
DA:29,0
DA:31,0
DA:36,0
DA:38,0
DA:39,0
DA:40,0
DA:41,0
DA:42,0
DA:46,0
DA:47,0
DA:48,0
DA:56,0
DA:57,0
DA:58,0
DA:60,0
DA:61,0
DA:62,0
DA:66,0
DA:67,0
DA:68,0
DA:69,0
DA:71,0
DA:72,0
DA:74,0
DA:80,0
DA:86,0
DA:87,0
DA:88,0
DA:89,0
DA:90,0
DA:91,0
DA:94,0
DA:96,0
DA:98,0
DA:105,0
DA:106,0
DA:107,0
DA:109,0
DA:113,0
DA:115,0
DA:117,0
DA:119,0
DA:121,0
DA:126,0
DA:130,0
LF:56
LH:0
end_of_record
SF:lib\funcionalidades\eventos\evento.dart
DA:6,4
DA:7,2
DA:8,2
DA:9,2
DA:10,2
DA:11,2
DA:12,2
DA:13,2
DA:14,4
DA:16,2
DA:17,2
DA:19,2
DA:20,2
DA:21,2
DA:22,2
DA:23,2
DA:24,4
DA:25,4
DA:26,2
DA:27,2
DA:28,2
DA:30,2
DA:32,2
DA:33,2
DA:34,2
DA:36,5
DA:86,2
DA:87,1
DA:88,1
DA:89,1
DA:90,1
DA:91,1
DA:92,2
DA:93,2
DA:94,1
DA:95,1
DA:96,1
DA:97,1
DA:98,1
DA:99,1
DA:100,1
DA:101,1
DA:102,1
DA:103,1
DA:104,1
DA:109,0
DA:110,0
DA:111,0
DA:112,0
DA:113,0
DA:114,0
DA:117,1
DA:119,3
DA:120,3
DA:121,2
DA:124,4
DA:125,4
DA:126,4
DA:127,4
DA:128,4
DA:129,4
DA:130,4
DA:131,4
DA:132,4
DA:133,4
DA:134,4
DA:135,4
DA:136,4
DA:137,4
DA:138,4
DA:139,4
DA:140,4
DA:141,4
DA:142,4
DA:143,4
DA:144,4
DA:145,4
DA:146,4
DA:147,4
DA:154,2
DA:166,1
DA:167,4
DA:173,2
DA:174,2
DA:175,2
DA:176,4
DA:178,2
DA:190,4
DA:191,2
DA:192,2
DA:196,8
DA:198,2
DA:199,8
DA:201,2
DA:202,2
DA:203,2
DA:204,2
DA:206,4
DA:207,2
DA:208,2
DA:209,2
DA:210,2
DA:211,2
DA:213,2
DA:214,2
DA:216,8
DA:219,8
DA:223,2
DA:224,2
DA:225,4
DA:226,2
DA:227,2
DA:228,5
DA:229,4
DA:232,2
DA:235,1
DA:236,4
LF:117
LH:111
end_of_record
SF:lib\funcionalidades\eventos\eventos_repositorio.dart
DA:14,0
DA:23,0
DA:24,0
DA:26,0
DA:27,0
DA:28,0
DA:30,0
DA:31,0
DA:32,0
DA:33,0
DA:35,0
DA:37,0
DA:38,0
DA:39,0
DA:41,0
DA:47,0
DA:48,0
DA:51,0
DA:53,0
DA:54,0
DA:56,0
DA:63,0
DA:65,0
DA:66,0
DA:67,0
DA:68,0
DA:69,0
DA:70,0
DA:71,0
DA:72,0
DA:73,0
DA:75,0
DA:81,0
DA:84,0
DA:85,0
DA:87,0
DA:88,0
DA:89,0
DA:90,0
DA:91,0
DA:95,0
DA:96,0
DA:97,0
DA:98,0
DA:99,0
DA:102,0
DA:103,0
DA:105,0
DA:110,0
DA:111,0
DA:113,0
DA:114,0
DA:115,0
DA:116,0
DA:117,0
DA:118,0
DA:121,0
DA:123,0
DA:124,0
DA:126,0
DA:127,0
DA:130,0
DA:138,0
DA:139,0
DA:141,0
LF:65
LH:0
end_of_record
SF:lib\funcionalidades\historial\historial_item.dart
DA:6,0
DA:7,0
DA:8,0
DA:9,0
DA:10,0
DA:11,0
DA:12,0
DA:13,0
DA:14,0
DA:16,0
DA:17,0
DA:18,0
DA:21,30
DA:41,1
DA:42,2
DA:43,0
DA:45,3
DA:46,3
DA:63,1
DA:64,1
DA:65,0
DA:66,0
DA:69,0
DA:71,0
DA:73,0
DA:74,0
DA:75,0
DA:76,0
DA:79,1
DA:80,4
LF:30
LH:9
end_of_record
SF:lib\funcionalidades\historial\historial_repositorio.dart
DA:10,0
DA:18,0
DA:23,0
DA:25,0
DA:26,0
DA:27,0
DA:29,0
DA:30,0
DA:31,0
DA:32,0
DA:34,0
DA:35,0
DA:36,0
DA:38,0
DA:39,0
DA:40,0
DA:41,0
DA:43,0
LF:18
LH:0
end_of_record
SF:lib\funcionalidades\notificaciones\notificaciones_repositorio.dart
DA:10,0
DA:16,0
DA:17,0
DA:18,0
DA:19,0
DA:20,0
DA:21,0
DA:25,0
DA:26,0
DA:28,0
DA:29,0
DA:30,0
DA:31,0
DA:32,0
DA:33,0
DA:34,0
DA:35,0
DA:36,0
DA:37,0
DA:39,0
DA:44,0
DA:46,0
DA:47,0
DA:48,0
DA:49,0
DA:50,0
DA:52,0
DA:57,0
DA:59,0
DA:60,0
DA:61,0
DA:62,0
DA:63,0
DA:64,0
DA:65,0
DA:67,0
DA:73,0
DA:79,0
DA:80,0
DA:85,0
DA:89,0
DA:90,0
DA:92,0
DA:97,0
DA:99,0
DA:101,0
DA:102,0
DA:103,0
DA:104,0
DA:106,0
LF:50
LH:0
end_of_record
SF:lib\funcionalidades\panel_control_evento\asistente_item.dart
DA:6,0
DA:10,0
DA:18,0
DA:19,0
DA:20,0
DA:21,0
DA:22,0
DA:23,0
DA:25,0
DA:26,0
DA:27,0
DA:28,0
DA:29,0
DA:33,0
DA:34,0
DA:35,0
DA:36,0
DA:37,0
DA:40,0
DA:41,0
DA:42,0
DA:44,0
DA:45,0
DA:49,0
DA:50,0
DA:56,0
DA:59,0
DA:60,0
DA:64,30
DA:97,1
DA:98,2
DA:99,2
DA:101,0
DA:103,0
DA:104,0
DA:105,0
DA:106,0
DA:107,0
DA:108,0
DA:109,0
DA:110,0
DA:111,0
DA:113,0
DA:116,0
DA:120,0
DA:121,0
DA:122,0
DA:123,0
DA:124,0
DA:125,0
DA:126,0
DA:127,0
DA:128,0
DA:129,0
DA:130,0
DA:131,0
DA:132,0
DA:135,0
DA:137,0
DA:139,0
DA:140,0
DA:141,0
DA:142,0
DA:145,1
DA:147,8
LF:65
LH:6
end_of_record
SF:lib\funcionalidades\panel_control_evento\panel_control_repositorio.dart
DA:11,0
DA:16,0
DA:18,0
DA:19,0
DA:20,0
DA:21,0
DA:22,0
DA:23,0
DA:24,0
DA:25,0
DA:26,0
DA:28,0
DA:35,0
DA:36,0
DA:38,0
DA:39,0
DA:40,0
DA:47,0
DA:48,0
DA:49,0
DA:50,0
DA:51,0
DA:52,0
DA:53,0
DA:55,0
DA:61,0
DA:63,0
DA:64,0
DA:65,0
DA:67,0
DA:68,0
DA:69,0
DA:70,0
DA:71,0
DA:73,0
DA:79,0
DA:80,0
DA:82,0
DA:83,0
DA:84,0
DA:85,0
DA:86,0
DA:87,0
DA:88,0
DA:89,0
DA:91,0
DA:97,0
DA:98,0
DA:99,0
DA:100,0
DA:104,0
DA:106,0
DA:107,0
DA:110,0
DA:111,0
DA:112,0
DA:114,0
DA:119,0
DA:128,0
DA:132,0
DA:133,0
DA:135,0
DA:138,0
DA:139,0
DA:141,0
DA:145,0
DA:146,0
DA:147,0
DA:151,0
DA:153,0
DA:154,0
DA:155,0
DA:157,0
DA:159,0
DA:160,0
DA:161,0
DA:162,0
DA:164,0
DA:169,0
DA:171,0
DA:172,0
DA:173,0
DA:174,0
DA:175,0
DA:177,0
DA:178,0
DA:179,0
DA:180,0
DA:181,0
DA:182,0
DA:184,0
DA:190,0
DA:192,0
DA:193,0
DA:194,0
DA:195,0
DA:196,0
DA:197,0
DA:199,0
DA:200,0
DA:201,0
DA:202,0
DA:203,0
DA:204,0
DA:206,0
DA:212,0
DA:213,0
DA:214,0
DA:215,0
DA:216,0
DA:217,0
DA:218,0
DA:219,0
DA:220,0
DA:225,0
DA:228,0
DA:229,0
DA:230,0
DA:234,0
DA:235,0
DA:236,0
DA:239,0
DA:243,0
DA:244,0
DA:245,0
DA:246,0
DA:247,0
DA:248,0
DA:249,0
DA:251,0
DA:254,0
DA:255,0
DA:256,0
DA:257,0
DA:261,0
DA:266,0
DA:270,0
DA:271,0
DA:285,0
DA:286,0
DA:288,0
DA:289,0
DA:290,0
DA:291,0
DA:292,0
DA:293,0
DA:296,0
DA:297,0
DA:298,0
DA:299,0
DA:305,0
DA:306,0
DA:307,0
DA:308,0
DA:309,0
LF:155
LH:0
end_of_record
SF:lib\funcionalidades\perfil\perfil_repositorio.dart
DA:13,0
DA:20,0
DA:23,0
DA:25,0
DA:26,0
DA:27,0
DA:28,0
DA:29,0
DA:30,0
DA:33,0
DA:35,0
DA:36,0
DA:37,0
DA:38,0
DA:39,0
DA:42,0
DA:46,0
DA:47,0
DA:48,0
DA:49,0
DA:57,0
DA:58,0
DA:60,0
DA:65,0
DA:68,0
DA:71,0
DA:72,0
DA:73,0
DA:74,0
DA:76,0
DA:86,0
DA:88,0
DA:89,0
DA:90,0
DA:91,0
DA:92,0
DA:93,0
DA:94,0
DA:95,0
DA:96,0
DA:104,0
DA:109,0
DA:110,0
DA:111,0
DA:112,0
DA:113,0
DA:114,0
DA:116,0
LF:48
LH:0
end_of_record
SF:lib\funcionalidades\roles\rol.dart
DA:2,0
DA:3,0
DA:4,0
DA:5,0
DA:6,0
DA:8,30
LF:6
LH:1
end_of_record
SF:lib\funcionalidades\roles\roles_repositorio.dart
DA:10,0
DA:16,0
DA:20,0
DA:22,0
DA:23,0
DA:24,0
DA:25,0
DA:26,0
DA:27,0
DA:30,0
DA:31,0
DA:32,0
DA:33,0
DA:34,0
DA:36,0
DA:42,0
DA:44,0
DA:45,0
DA:46,0
DA:47,0
DA:48,0
DA:50,0
DA:51,0
DA:52,0
DA:53,0
DA:56,0
DA:57,0
DA:59,0
LF:28
LH:0
end_of_record
SF:lib\funcionalidades\borradores\borradores_repositorio.dart
DA:10,0
DA:16,0
DA:21,0
DA:23,0
DA:24,0
DA:25,0
DA:26,0
DA:27,0
DA:28,0
DA:29,0
DA:30,0
DA:32,0
DA:33,0
DA:34,0
DA:35,0
DA:36,0
DA:38,0
DA:42,0
DA:44,0
DA:45,0
DA:48,0
DA:49,0
DA:50,0
DA:52,0
DA:56,0
DA:57,0
DA:59,0
DA:60,0
DA:61,0
DA:62,0
DA:63,0
DA:64,0
LF:32
LH:0
end_of_record
SF:lib\funcionalidades\revision_usuarios\revision_usuarios_repositorio.dart
DA:10,0
DA:17,0
DA:22,0
DA:24,0
DA:25,0
DA:26,0
DA:30,0
DA:31,0
DA:32,0
DA:33,0
DA:35,0
DA:36,0
DA:37,0
DA:38,0
DA:40,0
DA:46,0
DA:48,0
DA:49,0
DA:50,0
DA:52,0
DA:53,0
DA:55,0
DA:60,0
DA:62,0
DA:63,0
DA:64,0
DA:66,0
DA:67,0
DA:69,0
LF:29
LH:0
end_of_record
SF:lib\funcionalidades\tags\tags_repositorio.dart
DA:10,0
DA:16,0
DA:20,0
DA:22,0
DA:23,0
DA:24,0
DA:26,0
DA:27,0
DA:28,0
DA:29,0
DA:32,0
DA:33,0
DA:34,0
DA:35,0
DA:36,0
DA:38,0
DA:42,0
DA:44,0
DA:45,0
DA:46,0
DA:47,0
DA:48,0
DA:50,0
DA:57,0
DA:59,0
DA:60,0
DA:61,0
DA:62,0
DA:63,0
DA:64,0
DA:65,0
DA:66,0
DA:68,0
LF:33
LH:0
end_of_record
SF:lib\funcionalidades\usuarios\usuarios_repositorio.dart
DA:10,0
DA:14,0
DA:16,0
DA:17,0
DA:18,0
DA:19,0
DA:20,0
DA:22,0
DA:28,0
DA:32,0
DA:34,0
DA:35,0
DA:36,0
DA:38,0
DA:39,0
DA:40,0
DA:42,0
DA:43,0
DA:44,0
DA:45,0
DA:46,0
DA:47,0
DA:49,0
DA:56,0
DA:57,0
DA:59,0
DA:60,0
DA:61,0
DA:62,0
DA:63,0
DA:64,0
DA:66,0
DA:67,0
DA:69,0
DA:70,0
DA:71,0
DA:73,0
DA:78,0
DA:79,0
DA:81,0
DA:82,0
DA:83,0
DA:84,0
DA:85,0
DA:86,0
DA:88,0
DA:89,0
DA:90,0
DA:91,0
DA:92,0
DA:95,0
DA:96,0
DA:97,0
DA:99,0
DA:104,0
DA:111,0
DA:112,0
DA:119,0
DA:120,0
DA:124,0
DA:125,0
DA:127,0
DA:132,0
DA:139,0
DA:140,0
DA:147,0
DA:148,0
DA:149,0
DA:150,0
DA:152,0
DA:157,0
DA:159,0
DA:160,0
DA:161,0
DA:162,0
DA:163,0
DA:165,0
LF:77
LH:0
end_of_record
SF:lib\compartido\errores.dart
DA:4,19
DA:12,5
DA:19,38
DA:26,49
LF:4
LH:4
end_of_record
SF:lib\funcionalidades\borradores\borrador_evento.dart
DA:2,0
DA:3,0
DA:4,0
DA:5,0
DA:6,0
DA:7,0
DA:8,0
DA:10,0
DA:11,0
DA:14,3
LF:10
LH:1
end_of_record
SF:lib\funcionalidades\borradores\borradores_cubit.dart
DA:11,4
DA:19,2
DA:20,2
DA:21,2
DA:22,4
DA:23,2
DA:26,6
DA:27,2
DA:28,2
DA:29,6
DA:30,2
DA:31,2
DA:32,2
DA:33,2
DA:37,2
DA:38,2
DA:39,2
DA:40,6
DA:41,1
DA:42,0
DA:43,0
DA:44,0
DA:45,1
DA:46,1
DA:47,1
DA:48,3
DA:52,1
DA:53,1
DA:54,1
DA:55,2
DA:58,1
DA:59,1
DA:60,1
DA:61,1
DA:66,3
DA:67,1
DA:68,4
DA:69,3
DA:70,1
DA:71,1
DA:72,1
DA:73,1
DA:78,1
DA:79,1
DA:80,1
DA:81,1
DA:82,1
DA:83,1
DA:89,1
DA:90,1
DA:92,2
DA:93,1
DA:99,1
DA:100,1
DA:102,1
DA:103,1
DA:104,3
DA:105,3
DA:107,1
DA:111,7
DA:113,7
DA:115,1
DA:116,1
DA:117,1
DA:118,2
DA:119,2
DA:121,1
DA:124,1
DA:125,2
DA:126,0
DA:127,0
DA:128,0
DA:129,0
DA:136,2
DA:137,2
DA:138,2
DA:139,4
DA:141,4
DA:142,14
DA:143,2
DA:144,8
DA:145,2
DA:146,2
DA:147,2
DA:148,2
DA:150,2
DA:153,1
DA:154,1
DA:155,1
DA:156,1
DA:157,1
DA:158,1
DA:159,1
DA:160,1
DA:163,0
DA:164,0
DA:165,0
DA:166,0
DA:167,0
DA:168,0
DA:169,0
DA:170,0
DA:176,0
DA:177,0
DA:178,0
DA:179,0
LF:106
LH:87
end_of_record
SF:lib\funcionalidades\borradores\borradores_estado.dart
DA:6,4
DA:10,2
DA:11,0
DA:12,0
DA:16,2
DA:17,1
DA:18,1
DA:22,2
DA:36,2
DA:45,2
DA:46,2
DA:47,2
DA:48,2
DA:50,1
DA:52,2
DA:55,2
DA:56,2
DA:57,2
DA:58,2
DA:59,2
DA:60,2
DA:61,2
DA:67,1
DA:75,1
DA:76,3
DA:80,2
DA:84,1
DA:85,2
LF:28
LH:26
end_of_record
SF:lib\compartido\logger.dart
DA:15,63
DA:16,21
DA:33,21
DA:34,42
DA:36,42
DA:37,42
LF:6
LH:6
end_of_record
SF:lib\compartido\cache_local.dart
DA:18,0
DA:19,0
DA:20,0
DA:24,0
DA:29,0
DA:31,0
DA:32,0
DA:34,0
DA:39,0
DA:40,0
DA:43,0
DA:44,0
DA:45,0
DA:46,0
DA:47,0
DA:50,0
DA:56,0
DA:57,0
DA:60,0
DA:61,0
LF:20
LH:0
end_of_record
SF:lib\compartido\constantes.dart
DA:38,0
DA:40,0
DA:46,0
DA:47,0
DA:50,0
DA:51,0
DA:53,0
DA:54,0
DA:56,0
DA:60,0
DA:76,0
DA:79,0
DA:82,0
DA:85,0
DA:86,0
DA:90,0
DA:91,0
LF:17
LH:0
end_of_record
SF:lib\compartido\reintento.dart
DA:16,0
DA:24,0
DA:25,0
DA:26,0
DA:27,0
DA:28,0
LF:6
LH:0
end_of_record
SF:lib\compartido\traductor_errores.dart
DA:14,0
DA:17,1
DA:18,1
DA:19,1
DA:20,1
DA:21,1
DA:22,1
DA:26,2
DA:30,1
DA:31,1
DA:33,1
DA:34,1
DA:35,1
DA:36,1
DA:38,1
DA:39,1
DA:40,1
DA:41,1
DA:49,1
DA:50,1
DA:53,2
DA:54,1
DA:55,1
DA:56,1
DA:63,1
DA:64,1
DA:65,1
DA:67,1
DA:69,1
DA:71,1
DA:73,1
LF:31
LH:30
end_of_record
SF:lib\compartido\widgets\avisos\vista_error_app.dart
DA:10,2
DA:19,2
DA:21,2
DA:22,2
DA:24,2
DA:26,2
DA:27,2
DA:41,2
DA:42,2
DA:44,8
DA:48,4
DA:50,2
DA:51,2
LF:13
LH:13
end_of_record
SF:lib\compartido\widgets\dialogo\dialogo_confirmacion.dart
DA:6,0
DA:27,0
DA:34,0
DA:36,0
DA:44,0
DA:46,0
DA:49,0
DA:50,0
DA:52,0
DA:62,0
DA:65,0
DA:66,0
DA:67,0
DA:75,0
DA:76,0
DA:84,0
DA:85,0
DA:86,0
DA:89,0
DA:90,0
DA:91,0
DA:103,0
DA:108,0
DA:110,0
DA:113,0
DA:115,0
DA:116,0
DA:117,0
DA:118,0
DA:119,0
DA:120,0
DA:122,0
DA:124,0
DA:125,0
DA:126,0
DA:144,0
DA:149,0
DA:151,0
DA:154,0
DA:156,0
DA:157,0
DA:158,0
DA:159,0
DA:162,0
DA:163,0
DA:164,0
DA:165,0
DA:167,0
DA:168,0
DA:169,0
LF:50
LH:0
end_of_record
SF:lib\compartido\widgets\formularios\barra_busqueda_app.dart
DA:7,2
DA:30,2
DA:32,2
DA:34,2
DA:36,2
DA:37,2
DA:39,2
DA:40,2
DA:50,2
DA:51,2
DA:52,2
DA:53,2
DA:58,2
DA:59,2
DA:74,3
DA:75,1
DA:80,1
DA:81,1
DA:82,1
DA:83,1
DA:86,1
DA:96,1
DA:106,0
DA:107,0
DA:108,0
DA:110,0
DA:114,0
DA:115,0
DA:123,0
DA:124,0
DA:125,0
DA:126,0
DA:130,0
DA:131,0
DA:132,0
DA:134,0
DA:137,0
DA:138,0
DA:139,0
DA:140,0
DA:141,0
DA:153,0
DA:156,1
DA:158,1
DA:160,1
DA:165,1
DA:171,1
DA:172,0
DA:179,1
DA:181,1
DA:182,1
LF:51
LH:30
end_of_record
SF:lib\compartido\widgets\navegacion\barra_navegacion_app.dart
DA:8,1
DA:17,1
DA:19,1
DA:30,1
DA:32,1
DA:34,1
DA:36,1
DA:37,1
DA:38,1
DA:42,1
DA:43,1
DA:45,1
DA:49,1
DA:50,1
DA:52,1
DA:53,2
DA:54,0
DA:56,1
DA:60,1
DA:61,1
DA:63,1
DA:67,1
DA:68,1
DA:80,1
DA:94,4
DA:96,1
DA:98,1
DA:100,1
DA:101,1
DA:102,0
DA:103,1
DA:104,1
DA:106,1
DA:107,2
DA:109,1
DA:110,1
DA:111,4
DA:113,1
DA:125,1
DA:133,1
DA:135,1
DA:136,1
DA:137,1
DA:138,1
DA:139,1
DA:141,1
DA:142,1
DA:145,1
DA:147,1
DA:148,1
DA:150,1
DA:153,1
DA:157,1
DA:159,4
DA:161,1
DA:162,1
LF:56
LH:54
end_of_record
SF:lib\compartido\widgets\navegacion\barra_superior_app.dart
DA:5,2
DA:16,2
DA:18,2
DA:20,2
DA:22,2
DA:24,2
DA:26,2
DA:27,2
DA:28,4
DA:29,2
DA:30,0
DA:31,2
DA:32,2
LF:13
LH:12
end_of_record
SF:lib\funcionalidades\auditoria_evento\auditoria_evento_modelo.dart
DA:2,1
DA:4,1
DA:7,1
DA:10,1
DA:11,1
DA:12,1
DA:13,1
DA:15,1
DA:18,2
DA:32,2
DA:33,1
DA:34,1
DA:35,1
DA:36,1
DA:37,1
DA:38,1
DA:57,1
DA:58,1
DA:59,1
DA:60,5
DA:65,1
DA:66,1
DA:67,1
DA:68,1
DA:70,1
DA:79,1
DA:80,1
DA:81,2
DA:82,1
DA:83,1
DA:84,1
DA:86,1
DA:87,1
DA:88,2
DA:89,1
DA:90,1
DA:91,1
DA:94,1
DA:98,0
DA:99,0
DA:100,0
DA:101,0
DA:106,0
DA:107,0
DA:108,0
DA:109,0
DA:112,1
DA:113,1
DA:115,1
DA:116,1
DA:117,1
DA:122,1
DA:124,1
DA:125,1
DA:126,1
DA:129,1
DA:133,4
DA:167,2
DA:168,4
DA:169,4
DA:170,4
DA:172,2
DA:173,1
DA:174,1
DA:175,1
DA:176,1
DA:177,1
DA:178,1
DA:179,1
DA:182,1
DA:185,2
DA:186,1
DA:187,3
DA:188,1
DA:189,3
DA:190,1
DA:196,1
DA:199,3
DA:205,1
DA:206,3
DA:207,3
DA:208,4
DA:213,1
DA:225,2
DA:233,5
DA:237,2
DA:246,2
DA:247,2
DA:249,4
DA:250,4
DA:251,2
DA:252,2
DA:253,1
DA:254,2
DA:255,2
DA:256,2
DA:257,2
DA:258,2
DA:259,2
DA:260,2
DA:261,2
DA:263,4
DA:265,2
DA:266,2
DA:267,3
DA:270,2
DA:271,2
DA:272,3
DA:276,6
DA:277,3
DA:278,1
DA:279,3
DA:280,1
DA:281,2
DA:282,2
DA:284,2
DA:285,6
DA:286,2
DA:287,6
DA:289,2
DA:290,2
DA:302,2
DA:326,1
DA:327,6
LF:124
LH:116
end_of_record
SF:lib\funcionalidades\crear_evento\grupo_audiencia.dart
DA:6,1
DA:16,0
DA:17,0
DA:18,0
DA:19,0
DA:21,0
DA:24,1
DA:25,4
LF:8
LH:3
end_of_record
SF:lib\funcionalidades\historial\historial_cubit.dart
DA:9,4
DA:17,2
DA:18,2
DA:19,2
DA:20,2
DA:23,6
DA:24,2
DA:25,6
DA:26,4
DA:27,2
DA:28,2
DA:29,2
DA:30,6
DA:31,1
DA:32,1
DA:33,1
DA:34,3
DA:35,1
DA:36,1
DA:37,1
DA:38,3
DA:44,1
DA:45,1
DA:46,1
DA:47,2
DA:50,3
DA:53,3
DA:54,1
DA:55,3
DA:56,1
DA:57,1
DA:58,3
DA:63,1
DA:64,4
LF:34
LH:34
end_of_record
SF:lib\funcionalidades\historial\historial_estado.dart
DA:6,37
DA:10,35
DA:11,0
DA:12,0
DA:16,35
DA:17,1
DA:18,1
DA:23,2
DA:28,1
DA:29,3
DA:35,1
DA:39,1
DA:40,2
DA:44,2
DA:48,1
DA:49,2
LF:16
LH:14
end_of_record
SF:lib\funcionalidades\historial\historial_exportador.dart
DA:13,0
DA:16,0
DA:17,0
DA:18,0
DA:19,0
DA:20,0
DA:21,0
DA:22,0
DA:23,0
DA:24,0
DA:25,0
DA:26,0
DA:27,0
DA:29,0
DA:33,0
DA:35,0
DA:36,0
DA:37,0
DA:38,0
DA:39,0
DA:41,0
DA:42,0
DA:44,0
DA:45,0
DA:48,0
DA:49,0
DA:50,0
DA:51,0
DA:52,0
DA:53,0
DA:54,0
DA:56,0
DA:57,0
DA:58,0
DA:59,0
DA:64,0
DA:65,0
DA:66,0
DA:67,0
DA:68,0
DA:70,0
DA:71,0
DA:72,0
DA:78,0
DA:80,0
DA:81,0
DA:84,0
DA:86,0
DA:87,0
DA:89,0
DA:95,0
DA:96,0
DA:100,0
DA:101,0
DA:103,0
DA:104,0
DA:106,0
DA:112,0
DA:113,0
DA:123,0
DA:125,0
DA:128,0
DA:132,0
DA:140,0
DA:141,0
DA:142,0
DA:143,0
DA:144,0
DA:145,0
DA:146,0
DA:147,0
DA:148,0
DA:152,0
DA:154,0
DA:155,0
DA:157,0
DA:160,0
DA:162,0
DA:164,0
DA:165,0
DA:167,0
DA:173,0
DA:174,0
DA:176,0
DA:183,0
DA:184,0
DA:185,0
DA:186,0
DA:188,0
DA:193,0
DA:194,0
DA:203,0
DA:204,0
DA:205,0
DA:206,0
DA:207,0
DA:208,0
DA:209,0
DA:210,0
DA:211,0
DA:212,0
DA:215,0
DA:216,0
DA:217,0
DA:218,0
DA:219,0
DA:220,0
DA:221,0
DA:222,0
DA:223,0
DA:224,0
DA:225,0
DA:226,0
DA:227,0
DA:235,0
DA:237,0
DA:239,0
DA:240,0
DA:241,0
DA:242,0
DA:244,0
DA:246,0
DA:254,0
DA:256,0
DA:259,0
DA:262,0
DA:267,0
DA:268,0
DA:270,0
DA:272,0
DA:275,0
DA:277,0
DA:279,0
DA:290,0
DA:292,0
DA:293,0
DA:294,0
DA:296,0
DA:297,0
DA:299,0
DA:300,0
DA:303,0
LF:142
LH:0
end_of_record
SF:lib\funcionalidades\historial\historial_pantalla.dart
DA:20,1
DA:22,1
DA:23,1
DA:34,1
DA:36,1
DA:37,2
DA:40,1
DA:42,2
DA:43,2
DA:44,1
DA:47,1
DA:49,1
DA:50,1
DA:51,1
DA:52,3
DA:53,1
DA:54,5
DA:58,0
DA:59,0
DA:61,0
DA:66,0
DA:70,1
DA:71,4
DA:72,2
DA:73,1
DA:74,0
DA:75,0
DA:77,1
DA:78,0
DA:79,0
DA:80,0
DA:83,1
DA:86,1
DA:88,1
DA:89,1
DA:93,1
DA:96,2
DA:97,1
DA:100,2
DA:101,1
DA:104,2
DA:105,4
DA:107,4
DA:108,4
DA:110,5
DA:112,2
DA:114,3
DA:115,1
DA:117,1
DA:123,1
DA:125,1
DA:126,1
DA:127,1
DA:128,1
DA:129,2
DA:130,0
DA:133,1
DA:134,1
DA:135,1
DA:137,1
DA:149,1
DA:151,0
DA:152,0
DA:153,0
DA:154,0
DA:161,2
DA:162,1
DA:164,1
DA:165,1
DA:167,0
DA:168,0
DA:169,0
DA:170,1
DA:173,1
DA:174,2
DA:181,1
DA:189,1
DA:191,1
DA:193,1
DA:194,1
DA:196,4
DA:202,2
DA:203,1
DA:205,1
DA:206,1
DA:207,1
DA:208,2
DA:209,1
DA:211,1
DA:237,1
DA:241,1
DA:243,5
DA:244,5
DA:245,5
DA:247,1
DA:250,1
DA:252,1
DA:261,1
DA:262,1
DA:263,1
DA:264,2
DA:269,1
DA:275,1
DA:281,1
DA:293,1
DA:303,1
DA:305,1
DA:306,1
DA:308,1
DA:309,1
DA:310,2
DA:311,4
DA:313,1
DA:318,1
DA:319,1
DA:320,4
DA:332,35
DA:334,1
DA:336,1
DA:347,1
DA:351,1
DA:353,1
DA:355,1
DA:357,1
DA:366,1
DA:367,1
DA:371,1
DA:373,1
DA:400,1
DA:452,1
DA:454,1
DA:455,2
DA:458,3
DA:459,1
DA:460,1
DA:461,1
DA:462,1
DA:463,1
DA:464,1
DA:465,1
DA:467,1
DA:468,1
DA:470,1
DA:472,1
DA:473,1
DA:475,1
DA:477,1
DA:478,1
DA:480,1
DA:484,2
DA:485,1
DA:486,0
DA:487,0
DA:488,0
DA:489,0
DA:500,1
DA:512,1
DA:514,3
DA:515,2
DA:519,5
DA:521,1
DA:524,1
DA:525,3
DA:526,0
DA:528,0
DA:538,0
DA:539,0
DA:540,0
DA:541,0
DA:554,1
DA:556,3
DA:566,1
DA:570,1
DA:572,3
DA:574,1
DA:576,1
DA:578,1
DA:587,1
DA:588,1
DA:589,3
DA:591,1
DA:592,1
DA:594,1
DA:595,1
DA:596,2
DA:597,4
DA:604,2
DA:606,0
DA:607,0
DA:614,0
DA:615,0
DA:616,0
DA:618,0
DA:628,3
DA:630,0
DA:631,0
DA:632,0
DA:642,1
DA:643,3
DA:649,1
DA:650,1
DA:656,0
DA:662,0
DA:668,0
DA:674,0
DA:684,35
DA:698,1
DA:703,1
DA:705,1
DA:708,1
DA:709,2
DA:710,1
DA:712,3
DA:718,1
DA:728,1
DA:730,1
DA:732,1
DA:733,1
DA:734,1
DA:736,1
DA:737,1
DA:738,4
DA:739,1
DA:751,35
DA:767,1
DA:771,1
DA:773,2
DA:774,1
DA:775,1
DA:777,1
DA:779,1
DA:780,1
DA:783,1
DA:784,1
DA:787,3
DA:790,1
DA:791,2
DA:793,4
DA:798,3
DA:800,1
DA:801,2
DA:803,4
LF:242
LH:202
end_of_record
SF:lib\funcionalidades\notificaciones\notificacion.dart
DA:2,0
DA:3,0
DA:4,0
DA:5,0
DA:6,0
DA:7,0
DA:8,0
DA:9,0
DA:10,0
DA:12,1
DA:32,2
DA:33,1
DA:34,1
DA:35,1
DA:36,1
DA:38,1
DA:39,1
DA:40,1
LF:18
LH:9
end_of_record
SF:lib\funcionalidades\revision_usuarios\revision_usuario_item.dart
DA:4,0
DA:5,0
DA:6,0
DA:7,0
DA:8,0
DA:9,0
DA:10,0
DA:11,0
DA:12,0
DA:13,0
DA:14,0
DA:15,0
DA:18,2
DA:40,2
DA:41,1
DA:42,1
DA:43,1
DA:44,1
DA:45,0
DA:46,1
DA:48,1
DA:49,1
DA:50,1
DA:51,1
DA:52,1
DA:53,1
DA:54,1
DA:55,1
DA:56,1
DA:57,1
DA:58,1
LF:31
LH:18
end_of_record
SF:lib\funcionalidades\tags\tag.dart
DA:4,0
DA:5,0
DA:7,0
DA:8,0
DA:9,0
DA:10,0
DA:11,0
DA:13,0
DA:14,0
DA:15,0
DA:19,1
DA:35,0
DA:37,0
DA:38,0
DA:39,0
DA:40,0
DA:41,0
DA:42,0
DA:45,1
DA:47,7
LF:20
LH:3
end_of_record
SF:lib\funcionalidades\usuarios\usuario_item.dart
DA:4,2
DA:5,1
DA:6,1
DA:7,1
DA:8,1
DA:9,1
DA:10,1
DA:12,3
DA:28,8
DA:29,1
DA:30,4
DA:31,4
DA:32,2
DA:35,1
DA:36,1
DA:37,1
DA:38,1
DA:39,1
DA:40,1
DA:41,1
DA:42,1
LF:21
LH:21
end_of_record
SF:lib\funcionalidades\autenticacion\login_pantalla.dart
DA:16,2
DA:18,2
DA:19,2
DA:26,2
DA:28,4
DA:29,4
DA:30,2
DA:33,2
DA:35,2
DA:37,2
DA:38,2
DA:39,6
DA:40,6
DA:42,4
DA:43,2
DA:44,2
DA:45,2
DA:53,2
DA:63,2
DA:65,4
DA:66,2
DA:67,2
DA:69,2
DA:71,2
DA:75,2
DA:78,2
DA:81,2
DA:84,2
DA:87,2
DA:89,2
DA:90,0
DA:91,2
DA:92,2
DA:96,2
DA:98,2
DA:99,6
DA:100,4
DA:101,4
DA:114,8
DA:116,2
DA:118,4
DA:119,2
DA:121,2
DA:122,2
DA:124,2
DA:126,2
DA:132,4
DA:133,2
DA:134,2
DA:141,8
DA:143,2
DA:145,4
DA:146,2
DA:147,2
DA:148,2
DA:150,2
DA:151,4
DA:152,2
DA:153,0
DA:154,4
DA:159,6
LF:61
LH:59
end_of_record
SF:lib\compartido\extensiones.dart
DA:5,5
DA:6,5
LF:2
LH:2
end_of_record
SF:lib\compartido\widgets\avisos\aviso_app.dart
DA:9,5
DA:15,0
DA:17,5
DA:18,5
DA:19,5
DA:22,10
DA:24,15
DA:25,5
DA:26,5
DA:36,5
DA:46,5
DA:47,5
DA:58,5
DA:60,5
DA:61,10
DA:62,15
DA:64,10
DA:66,25
DA:67,15
DA:71,5
DA:73,10
DA:74,5
DA:77,5
DA:79,15
DA:81,5
DA:82,5
DA:83,5
DA:84,5
DA:85,5
DA:86,5
DA:88,5
DA:89,5
DA:93,5
DA:94,5
DA:95,5
DA:96,10
DA:105,5
DA:107,5
DA:108,15
DA:110,5
DA:111,5
DA:112,10
DA:113,5
DA:114,5
DA:135,8
DA:148,5
DA:149,5
DA:155,5
DA:161,5
LF:49
LH:48
end_of_record
SF:lib\compartido\widgets\botones\boton_app.dart
DA:9,7
DA:33,7
DA:35,7
DA:36,7
DA:38,7
DA:42,7
DA:43,7
DA:44,14
DA:45,7
DA:46,7
DA:47,14
DA:48,7
DA:50,2
DA:51,1
DA:52,1
DA:53,2
DA:55,2
DA:56,1
DA:57,1
DA:58,2
DA:66,7
DA:76,7
DA:78,7
DA:79,7
DA:80,7
DA:81,28
DA:82,7
DA:87,1
DA:90,1
DA:91,3
DA:93,1
DA:94,1
DA:95,4
DA:96,1
DA:107,7
DA:119,7
DA:121,7
DA:122,7
DA:123,7
DA:130,7
DA:131,7
DA:133,7
DA:134,7
DA:135,7
DA:138,7
DA:139,7
DA:142,7
DA:143,4
DA:154,7
DA:155,7
DA:156,7
DA:166,1
DA:176,1
DA:178,1
DA:179,1
DA:180,1
DA:183,1
DA:184,1
DA:187,1
DA:188,1
DA:189,1
DA:198,1
DA:208,1
DA:210,1
DA:211,1
DA:212,1
DA:215,1
DA:216,1
DA:219,1
DA:220,1
DA:221,1
LF:71
LH:71
end_of_record
SF:lib\compartido\widgets\formularios\campo_texto_app.dart
DA:5,5
DA:19,5
DA:20,5
DA:27,5
DA:29,5
DA:31,15
DA:34,5
DA:36,10
DA:38,5
DA:40,5
DA:41,5
DA:42,10
DA:43,5
DA:46,5
DA:47,10
DA:49,5
DA:50,10
DA:51,5
DA:52,10
DA:53,10
DA:54,5
DA:55,10
DA:56,10
DA:57,4
DA:59,4
DA:63,4
DA:64,4
DA:65,4
DA:71,0
DA:72,0
DA:73,0
LF:31
LH:28
end_of_record
SF:lib\funcionalidades\autenticacion\registro_pantalla.dart
DA:16,2
DA:18,2
DA:19,2
DA:27,2
DA:29,4
DA:30,4
DA:31,4
DA:32,2
DA:35,2
DA:37,2
DA:39,2
DA:40,2
DA:41,6
DA:42,2
DA:43,4
DA:45,4
DA:46,2
DA:47,2
DA:48,2
DA:49,2
DA:57,2
DA:69,2
DA:71,2
DA:72,2
DA:74,2
DA:76,2
DA:80,2
DA:83,2
DA:86,2
DA:89,2
DA:93,2
DA:96,2
DA:100,2
DA:102,2
DA:103,6
DA:104,6
DA:105,4
DA:106,4
DA:119,5
DA:121,2
DA:123,4
DA:124,2
DA:126,2
DA:129,2
DA:131,2
DA:133,2
DA:139,4
DA:140,2
DA:141,2
DA:148,5
DA:150,2
DA:152,4
DA:153,2
DA:154,2
DA:155,2
DA:157,2
DA:158,4
DA:159,2
DA:160,0
DA:161,4
DA:166,6
LF:61
LH:60
end_of_record
SF:lib\compartido\widgets\botones\boton_regresar.dart
DA:6,8
DA:17,4
DA:19,4
DA:20,4
DA:21,4
DA:23,4
DA:24,4
DA:25,4
DA:26,0
DA:27,0
DA:28,0
DA:30,0
DA:33,4
DA:36,4
DA:38,4
DA:40,4
LF:16
LH:12
end_of_record
SF:lib\funcionalidades\revision_usuarios\revision_usuarios_cubit.dart
DA:13,2
DA:14,2
DA:21,2
DA:22,2
DA:23,4
DA:24,2
DA:26,6
DA:27,2
DA:28,2
DA:29,6
DA:30,2
DA:31,2
DA:32,2
DA:36,2
DA:37,2
DA:38,2
DA:39,6
DA:40,1
DA:41,1
DA:42,1
DA:43,3
DA:44,0
DA:45,0
DA:46,0
DA:47,0
DA:51,1
DA:52,1
DA:53,2
DA:55,3
DA:57,3
DA:58,1
DA:59,4
DA:60,3
DA:61,1
DA:62,1
DA:63,1
DA:68,1
DA:69,1
DA:70,1
DA:71,1
DA:72,1
DA:78,1
DA:79,1
DA:80,1
DA:81,1
DA:82,1
DA:88,2
DA:89,1
DA:91,0
DA:92,1
DA:94,0
DA:95,0
DA:102,2
DA:104,1
DA:105,1
DA:106,1
DA:107,1
DA:109,1
DA:112,0
DA:113,0
DA:114,0
DA:115,0
DA:117,0
DA:123,1
DA:124,1
DA:125,1
DA:126,1
DA:127,1
DA:133,2
DA:134,1
DA:136,0
DA:137,1
DA:139,0
DA:140,0
DA:147,2
DA:149,1
DA:150,1
DA:151,1
DA:152,1
DA:154,1
DA:157,0
DA:158,0
DA:159,0
DA:160,0
DA:162,0
LF:85
LH:65
end_of_record
SF:lib\funcionalidades\revision_usuarios\revision_usuarios_pantalla.dart
DA:22,1
DA:24,1
DA:26,1
DA:33,1
DA:35,1
DA:36,1
DA:37,1
DA:38,3
DA:41,1
DA:42,3
DA:43,0
DA:45,0
DA:46,0
DA:47,0
DA:48,0
DA:49,0
DA:51,0
DA:54,1
DA:56,1
DA:57,1
DA:58,2
DA:59,0
DA:60,0
DA:61,0
DA:62,0
DA:64,0
DA:69,1
DA:73,1
DA:78,1
DA:79,3
DA:82,1
DA:83,0
DA:84,0
DA:92,1
DA:98,1
DA:100,1
DA:101,1
DA:103,1
DA:105,1
DA:107,0
DA:110,1
DA:111,1
DA:113,1
DA:127,2
DA:129,1
DA:131,1
DA:133,1
DA:134,1
DA:136,1
DA:139,1
DA:141,4
DA:157,1
DA:167,1
DA:169,1
DA:170,1
DA:171,1
DA:172,1
DA:176,1
DA:177,3
DA:178,2
DA:179,1
DA:180,0
DA:188,1
DA:198,1
DA:200,3
DA:201,1
DA:202,1
DA:204,1
DA:205,3
DA:206,0
DA:207,0
DA:209,4
DA:217,1
DA:219,1
DA:220,1
DA:222,1
DA:223,1
DA:225,4
DA:233,3
DA:234,2
DA:236,1
DA:238,4
DA:239,0
DA:240,0
DA:241,0
DA:242,0
DA:246,0
DA:250,0
DA:251,0
DA:252,0
DA:253,0
DA:258,1
DA:259,0
DA:265,2
DA:266,0
DA:267,0
DA:268,0
DA:274,2
DA:275,0
DA:289,1
DA:301,1
DA:303,1
DA:305,1
DA:307,1
DA:316,1
DA:318,1
DA:319,2
DA:323,3
DA:325,1
DA:326,1
DA:327,1
DA:328,1
DA:339,1
DA:343,1
DA:345,1
DA:347,1
DA:348,1
DA:349,2
DA:350,4
DA:357,1
DA:358,2
DA:359,4
DA:364,2
DA:366,0
DA:367,0
DA:368,0
DA:374,2
DA:376,0
DA:377,0
DA:378,0
DA:392,1
DA:396,1
DA:398,1
DA:399,1
DA:400,1
DA:401,1
DA:402,0
DA:403,0
DA:406,1
DA:409,1
DA:410,1
DA:417,1
DA:418,1
DA:419,0
DA:420,0
DA:423,1
DA:426,1
DA:427,1
DA:441,1
DA:451,1
DA:453,1
DA:454,1
DA:455,1
DA:456,1
DA:457,2
DA:458,1
DA:460,1
DA:461,1
DA:465,1
DA:466,1
DA:474,1
DA:475,1
DA:477,1
DA:478,2
LF:164
LH:122
end_of_record
SF:lib\funcionalidades\revision_usuarios\revision_usuarios_estado.dart
DA:6,5
DA:10,2
DA:11,0
DA:12,0
DA:16,2
DA:17,1
DA:18,1
DA:22,3
DA:34,2
DA:42,2
DA:43,1
DA:44,2
DA:47,1
DA:49,1
DA:52,1
DA:54,5
DA:59,1
DA:63,1
DA:64,2
DA:68,2
DA:72,1
DA:73,2
LF:22
LH:20
end_of_record
SF:lib\funcionalidades\auditoria_evento\auditoria_evento_cubit.dart
DA:10,1
DA:11,1
DA:19,2
DA:20,2
DA:22,1
DA:23,1
DA:24,2
DA:25,1
DA:27,2
DA:28,1
DA:29,1
DA:30,2
DA:31,1
DA:32,1
DA:33,1
DA:34,1
DA:35,1
DA:36,3
DA:37,1
DA:38,0
DA:39,0
DA:40,0
DA:41,1
DA:42,1
DA:43,1
DA:44,3
DA:48,1
DA:49,1
DA:52,3
DA:53,1
DA:54,4
DA:55,3
DA:56,1
DA:57,1
DA:59,0
DA:61,0
DA:66,1
DA:67,2
DA:69,3
DA:70,1
DA:71,1
DA:72,1
DA:78,1
DA:79,1
DA:80,3
DA:81,0
DA:82,0
DA:83,0
DA:87,1
DA:88,1
DA:89,1
DA:90,2
DA:94,1
DA:95,1
DA:96,1
DA:97,2
LF:56
LH:48
end_of_record
SF:lib\funcionalidades\auditoria_evento\auditoria_evento_estado.dart
DA:4,2
DA:8,1
DA:12,1
DA:16,1
DA:20,1
DA:26,1
DA:40,1
DA:41,1
DA:43,1
DA:44,1
DA:45,5
DA:46,1
DA:47,5
DA:48,1
DA:49,5
DA:50,5
DA:53,3
DA:54,1
DA:56,1
DA:57,1
DA:58,3
DA:59,1
DA:61,1
DA:67,1
DA:71,1
DA:72,1
DA:73,1
DA:74,1
DA:75,1
DA:76,1
DA:81,1
LF:31
LH:31
end_of_record
SF:lib\funcionalidades\buscar_asistente\buscar_asistente_cubit.dart
DA:13,1
DA:14,1
DA:30,1
DA:31,1
DA:32,1
DA:33,1
DA:35,2
DA:36,1
DA:37,4
DA:38,1
DA:39,1
DA:47,1
DA:48,1
DA:49,3
DA:50,0
DA:51,0
DA:52,0
DA:56,1
DA:57,2
DA:58,1
DA:59,1
DA:60,3
DA:61,2
DA:65,3
DA:66,1
DA:67,1
DA:68,1
DA:69,2
DA:70,1
DA:71,0
DA:72,0
DA:73,0
DA:74,0
DA:78,1
DA:79,2
DA:80,1
DA:81,3
DA:82,3
DA:83,2
DA:84,1
DA:86,2
DA:87,1
DA:88,1
DA:89,1
DA:90,1
DA:92,2
DA:93,1
DA:94,1
DA:95,1
DA:96,1
DA:97,2
DA:98,0
DA:99,0
DA:100,0
DA:102,3
DA:106,1
DA:111,2
DA:113,2
DA:115,2
DA:119,1
DA:121,2
DA:122,1
DA:123,1
DA:124,1
DA:125,1
DA:126,1
DA:127,1
DA:130,0
DA:131,0
DA:132,0
DA:133,0
DA:134,0
DA:135,0
DA:141,1
DA:143,2
DA:144,1
DA:149,1
DA:150,2
DA:151,1
DA:152,1
DA:153,1
DA:160,1
DA:161,2
DA:162,2
DA:163,2
DA:164,1
DA:165,3
DA:167,0
DA:170,1
DA:173,1
DA:174,1
DA:175,2
DA:176,3
DA:177,1
DA:178,1
DA:179,1
DA:180,1
DA:181,2
DA:183,1
DA:185,0
DA:186,0
DA:190,2
DA:191,4
DA:192,0
DA:195,1
DA:196,3
DA:197,3
DA:198,1
DA:199,2
DA:201,1
DA:203,1
DA:204,0
DA:205,1
DA:210,1
DA:211,2
DA:212,1
DA:213,1
DA:215,0
DA:217,0
DA:218,0
DA:220,1
DA:221,1
DA:222,1
DA:223,1
DA:224,2
DA:225,1
DA:226,1
DA:227,5
DA:232,1
DA:238,2
DA:239,4
DA:240,1
DA:241,1
DA:242,1
DA:243,1
DA:244,1
DA:247,1
DA:249,1
DA:250,1
LF:139
LH:115
end_of_record
SF:lib\funcionalidades\buscar_asistente\buscar_asistente_estado.dart
DA:7,3
DA:11,2
DA:12,0
DA:13,0
DA:17,2
DA:18,1
DA:19,1
DA:26,1
DA:49,1
DA:58,1
DA:59,1
DA:60,1
DA:61,1
DA:62,1
DA:63,1
DA:64,1
DA:65,1
DA:67,1
DA:71,1
DA:72,1
DA:73,1
DA:74,1
DA:75,1
DA:76,1
DA:77,1
DA:78,1
DA:79,1
DA:80,1
DA:85,1
DA:93,1
DA:94,3
DA:98,1
DA:100,1
DA:101,2
LF:34
LH:32
end_of_record
SF:lib\funcionalidades\buscar_asistente\resultado_busqueda.dart
DA:6,2
DA:11,2
DA:12,2
DA:13,4
DA:14,2
DA:15,2
DA:16,2
DA:17,2
DA:18,2
DA:19,2
DA:20,2
DA:21,2
DA:22,4
DA:23,4
DA:28,1
DA:29,1
DA:30,1
DA:31,2
DA:32,1
DA:33,1
DA:34,1
DA:35,2
DA:36,1
DA:37,1
DA:38,2
DA:42,3
DA:73,1
DA:74,2
DA:75,2
DA:76,2
DA:78,3
DA:79,3
DA:81,2
DA:82,10
DA:83,4
DA:84,12
DA:85,3
DA:88,2
DA:90,2
DA:92,5
DA:93,3
DA:94,2
DA:95,1
DA:98,1
DA:99,1
DA:100,1
DA:101,1
DA:102,1
DA:103,1
DA:104,1
DA:105,1
LF:51
LH:51
end_of_record
SF:lib\funcionalidades\crear_evento\crear_evento_cubit.dart
DA:15,2
DA:19,1
DA:20,1
DA:22,2
DA:23,2
DA:24,2
DA:25,1
DA:26,1
DA:28,5
DA:29,5
DA:33,1
DA:34,1
DA:35,3
DA:36,1
DA:37,1
DA:38,3
DA:42,0
DA:43,0
DA:45,0
DA:46,0
DA:47,0
DA:48,0
DA:49,0
DA:50,0
DA:52,0
DA:53,0
DA:54,0
DA:55,0
DA:56,0
DA:57,0
DA:61,0
DA:70,0
DA:71,0
DA:72,0
DA:75,0
DA:76,0
DA:79,0
DA:81,0
DA:82,0
DA:83,0
DA:84,0
DA:85,0
DA:87,0
DA:89,0
DA:90,0
DA:92,0
DA:103,0
DA:105,0
DA:106,0
DA:107,0
DA:111,0
DA:120,0
DA:121,0
DA:122,0
DA:123,0
DA:124,0
DA:126,0
DA:127,0
DA:130,1
DA:133,1
DA:134,1
DA:135,3
DA:140,1
DA:141,1
DA:142,1
DA:144,2
DA:145,2
DA:146,3
DA:147,1
DA:150,1
DA:151,1
DA:158,1
DA:159,6
DA:162,1
DA:163,1
DA:164,2
DA:165,6
DA:170,1
DA:171,1
DA:172,1
DA:173,1
DA:174,1
DA:177,1
DA:183,1
DA:184,1
DA:185,1
DA:186,2
DA:187,3
DA:190,1
DA:191,1
DA:193,1
DA:194,1
DA:195,1
DA:196,2
DA:198,1
DA:199,1
DA:201,0
DA:202,2
DA:204,0
DA:206,1
DA:209,1
DA:210,1
DA:213,1
DA:214,2
DA:217,0
DA:218,0
DA:219,0
DA:221,0
DA:223,0
DA:232,0
DA:235,1
DA:236,1
DA:238,1
DA:241,1
DA:242,1
DA:243,3
DA:244,0
DA:245,0
DA:246,0
DA:250,1
DA:257,0
DA:259,1
DA:260,0
DA:265,1
DA:269,1
DA:270,1
DA:271,1
DA:272,1
DA:273,1
DA:274,2
DA:275,2
DA:276,2
DA:277,2
DA:278,1
DA:279,1
DA:280,1
DA:281,1
DA:282,1
DA:283,1
DA:284,1
DA:285,1
DA:290,1
DA:292,0
DA:293,0
DA:294,0
DA:297,1
DA:299,3
DA:300,3
DA:301,1
DA:304,0
DA:306,0
DA:307,0
DA:308,0
DA:309,0
DA:310,0
LF:155
LH:91
end_of_record
SF:lib\funcionalidades\crear_evento\crear_evento_estado.dart
DA:10,3
DA:14,1
DA:15,0
DA:16,0
DA:20,1
DA:21,1
DA:22,1
DA:26,2
DA:84,1
DA:113,1
DA:114,1
DA:115,1
DA:116,1
DA:117,1
DA:119,1
DA:120,1
DA:121,1
DA:122,1
DA:123,1
DA:124,1
DA:125,1
DA:126,1
DA:127,1
DA:128,1
DA:129,1
DA:130,1
DA:131,1
DA:132,1
DA:133,1
DA:134,1
DA:136,1
DA:138,1
DA:139,1
DA:140,1
DA:143,1
DA:144,1
DA:147,1
DA:148,1
DA:149,1
DA:150,1
DA:151,1
DA:152,1
DA:153,1
DA:154,1
DA:155,1
DA:156,1
DA:157,1
DA:158,1
DA:159,1
DA:160,1
DA:161,1
DA:162,1
DA:163,1
DA:164,1
DA:165,1
DA:166,1
DA:167,1
DA:168,1
DA:169,1
DA:170,1
DA:171,1
DA:172,1
DA:173,1
DA:174,1
DA:179,1
DA:189,1
DA:190,3
DA:194,1
DA:198,1
DA:199,2
LF:70
LH:68
end_of_record
SF:lib\funcionalidades\escanear_qr\escanear_qr_cubit.dart
DA:12,2
DA:21,1
DA:22,1
DA:23,1
DA:24,1
DA:27,2
DA:28,2
DA:29,1
DA:30,1
DA:31,1
DA:35,2
DA:36,1
DA:37,1
DA:38,3
DA:39,0
DA:40,0
DA:41,0
DA:45,1
DA:46,1
DA:47,2
DA:48,1
DA:50,1
DA:51,1
DA:52,3
DA:55,2
DA:57,2
DA:58,2
DA:59,1
DA:63,1
DA:64,2
DA:65,1
DA:67,1
DA:69,1
DA:75,1
DA:77,0
DA:78,0
DA:80,0
DA:82,0
DA:87,2
DA:90,0
DA:91,0
DA:92,0
DA:93,0
DA:94,0
DA:95,0
DA:99,1
DA:103,2
DA:104,2
DA:105,1
DA:106,1
DA:108,1
DA:109,0
DA:110,0
DA:115,1
DA:123,1
DA:124,1
DA:125,1
DA:126,2
DA:132,3
DA:134,1
DA:135,1
DA:136,1
DA:137,1
DA:142,1
DA:146,1
DA:147,1
DA:148,2
DA:149,0
DA:150,0
DA:151,0
DA:152,0
DA:153,0
DA:154,0
DA:161,1
DA:163,2
DA:164,1
DA:167,1
DA:168,1
LF:78
LH:57
end_of_record
SF:lib\funcionalidades\escanear_qr\escanear_qr_estado.dart
DA:6,2
DA:7,1
DA:8,1
DA:12,1
DA:16,1
DA:20,1
DA:23,1
DA:24,3
DA:28,1
DA:31,1
DA:32,3
DA:36,1
DA:48,1
DA:49,6
DA:53,1
DA:63,1
DA:64,5
DA:68,1
DA:71,1
DA:72,3
DA:76,2
DA:78,1
DA:79,2
LF:23
LH:23
end_of_record
SF:lib\funcionalidades\eventos\eventos_cubit.dart
DA:14,2
DA:24,1
DA:25,1
DA:26,1
DA:28,2
DA:29,2
DA:30,1
DA:32,4
DA:34,1
DA:35,5
DA:36,1
DA:37,1
DA:38,5
DA:39,1
DA:41,3
DA:42,1
DA:47,2
DA:50,1
DA:51,1
DA:52,1
DA:53,1
DA:54,1
DA:58,2
DA:59,0
DA:60,1
DA:61,1
DA:62,1
DA:63,2
DA:64,1
DA:65,1
DA:66,1
DA:67,2
DA:72,1
DA:73,2
DA:75,2
DA:78,0
DA:79,0
DA:80,0
DA:81,0
DA:82,0
DA:83,0
DA:84,0
DA:88,1
DA:91,1
DA:93,5
DA:94,2
DA:95,2
DA:96,3
DA:97,1
DA:98,1
DA:104,1
DA:105,1
DA:107,1
DA:108,1
DA:109,1
DA:110,2
DA:111,2
DA:117,1
DA:118,0
DA:119,0
DA:120,0
DA:121,0
DA:130,0
DA:132,0
DA:133,0
DA:135,0
DA:137,0
DA:138,0
DA:139,0
DA:140,0
DA:141,0
DA:142,0
DA:143,0
DA:145,0
DA:146,0
DA:148,0
DA:150,0
DA:153,0
DA:154,0
DA:155,0
DA:156,0
DA:157,0
DA:158,0
DA:159,0
DA:168,1
DA:175,2
DA:176,2
DA:177,2
DA:178,1
DA:179,3
DA:180,3
DA:181,3
DA:182,2
DA:183,1
DA:188,7
DA:190,7
DA:191,2
DA:192,2
DA:193,2
DA:194,1
DA:200,1
DA:204,1
DA:205,2
DA:206,4
DA:209,1
DA:213,2
DA:214,1
DA:215,2
DA:218,1
DA:220,2
DA:221,1
LF:111
LH:77
end_of_record
SF:lib\funcionalidades\eventos\eventos_estado.dart
DA:7,2
DA:11,1
DA:12,0
DA:13,0
DA:17,1
DA:18,1
DA:19,1
DA:23,1
DA:39,1
DA:47,1
DA:48,0
DA:49,0
DA:50,0
DA:51,0
DA:52,1
DA:55,1
DA:56,1
DA:57,1
DA:58,1
DA:59,1
DA:60,1
DA:61,1
DA:66,1
DA:70,1
DA:71,2
DA:77,0
DA:89,0
DA:96,0
DA:97,0
DA:98,0
DA:99,0
DA:100,0
DA:103,0
DA:104,0
LF:34
LH:19
end_of_record
SF:lib\funcionalidades\notificaciones\notificaciones_cubit.dart
DA:12,3
DA:21,1
DA:22,2
DA:23,1
DA:25,1
DA:26,4
DA:27,1
DA:28,2
DA:29,2
DA:30,1
DA:31,1
DA:32,1
DA:38,1
DA:39,1
DA:44,1
DA:45,1
DA:47,2
DA:48,2
DA:51,2
DA:53,3
DA:54,1
DA:55,1
DA:60,1
DA:61,1
DA:62,3
DA:63,0
DA:64,0
DA:65,0
DA:70,1
DA:71,2
DA:72,1
DA:75,1
DA:76,5
DA:77,1
DA:78,2
DA:81,2
DA:88,1
DA:89,1
DA:90,2
DA:91,1
DA:93,5
DA:94,2
DA:97,3
DA:101,1
DA:103,2
DA:104,1
LF:46
LH:43
end_of_record
SF:lib\funcionalidades\notificaciones\notificaciones_estado.dart
DA:6,3
DA:10,0
DA:11,0
DA:15,1
DA:16,1
DA:20,3
DA:28,1
DA:32,1
DA:33,1
DA:34,0
DA:37,1
DA:38,3
DA:42,1
DA:45,1
DA:46,2
LF:15
LH:12
end_of_record
SF:lib\funcionalidades\nueva_contrasena\nueva_contrasena_cubit.dart
DA:8,1
DA:9,1
DA:13,1
DA:17,2
DA:18,1
DA:22,1
DA:23,1
DA:27,1
DA:29,2
DA:30,1
DA:31,1
DA:32,3
DA:33,1
DA:34,3
LF:14
LH:14
end_of_record
SF:lib\funcionalidades\nueva_contrasena\nueva_contrasena_estado.dart
DA:4,2
DA:8,1
DA:9,0
DA:10,0
DA:14,1
DA:15,1
DA:16,1
DA:20,1
DA:21,1
DA:22,1
DA:26,2
DA:28,1
DA:29,2
LF:13
LH:11
end_of_record
SF:lib\funcionalidades\panel_control_evento\panel_control_cubit.dart
DA:14,2
DA:23,1
DA:24,1
DA:25,1
DA:26,1
DA:28,2
DA:29,2
DA:31,3
DA:32,2
DA:33,1
DA:35,2
DA:36,1
DA:37,1
DA:40,2
DA:43,1
DA:44,1
DA:45,1
DA:46,3
DA:47,1
DA:48,0
DA:49,0
DA:50,1
DA:51,1
DA:52,3
DA:56,0
DA:62,0
DA:63,0
DA:65,0
DA:67,0
DA:68,0
DA:73,0
DA:75,0
DA:76,0
DA:77,0
DA:78,0
DA:80,0
DA:81,0
DA:82,0
DA:87,0
DA:89,1
DA:90,2
DA:92,2
DA:95,1
DA:96,2
DA:97,1
DA:99,2
DA:101,3
DA:104,1
DA:105,2
DA:107,3
DA:109,2
DA:111,3
DA:114,1
DA:119,3
DA:120,0
DA:121,0
DA:123,0
DA:126,0
DA:128,0
DA:134,2
DA:138,3
DA:140,0
DA:142,0
DA:146,0
DA:148,0
DA:153,0
DA:156,1
DA:157,1
DA:158,1
DA:159,1
DA:160,1
DA:161,1
DA:164,0
DA:165,0
DA:166,0
DA:167,0
DA:168,0
DA:169,0
DA:175,1
DA:177,2
DA:178,1
DA:183,0
DA:184,0
DA:185,0
DA:186,0
DA:187,0
DA:189,0
DA:190,0
DA:192,0
DA:195,0
DA:201,1
DA:202,1
DA:203,2
DA:204,1
DA:205,1
DA:206,1
DA:209,0
DA:213,0
DA:214,0
DA:215,0
DA:216,0
DA:217,0
DA:219,0
DA:225,0
DA:226,0
DA:227,0
DA:228,0
DA:229,0
DA:235,1
DA:240,5
DA:241,2
DA:242,3
DA:243,0
DA:246,1
DA:249,1
DA:253,1
DA:254,1
DA:255,3
DA:257,2
DA:258,1
DA:259,2
DA:260,1
DA:263,1
DA:265,1
DA:266,1
LF:125
LH:70
end_of_record
SF:lib\funcionalidades\panel_control_evento\panel_control_estado.dart
DA:18,2
DA:22,1
DA:23,0
DA:24,0
DA:28,1
DA:29,1
DA:30,1
DA:34,1
DA:58,4
DA:63,3
DA:68,1
DA:69,6
DA:72,0
DA:73,0
DA:74,0
DA:77,0
DA:78,0
DA:81,5
DA:84,2
DA:85,4
DA:86,1
DA:89,0
DA:90,0
DA:91,0
DA:93,0
DA:94,0
DA:95,0
DA:101,1
DA:102,3
DA:103,3
DA:108,0
DA:109,0
DA:110,0
DA:115,0
DA:116,0
DA:117,0
DA:118,0
DA:119,0
DA:123,2
DA:124,2
DA:125,2
DA:126,1
DA:127,0
DA:128,0
DA:129,1
DA:130,6
DA:131,1
DA:132,5
DA:133,1
DA:134,0
DA:135,1
DA:136,5
DA:141,1
DA:142,2
DA:143,2
DA:144,2
DA:148,1
DA:156,1
DA:157,1
DA:158,1
DA:159,1
DA:160,1
DA:161,1
DA:162,1
DA:165,1
DA:166,1
DA:167,1
DA:168,1
DA:169,1
DA:170,1
DA:171,1
DA:172,1
DA:177,1
DA:185,1
DA:186,3
DA:190,1
DA:192,1
DA:193,2
DA:197,1
DA:198,1
DA:199,1
LF:81
LH:57
end_of_record
SF:lib\funcionalidades\perfil\perfil_cubit.dart
DA:10,2
DA:15,1
DA:16,1
DA:18,2
DA:19,2
DA:20,1
DA:21,1
DA:22,1
DA:28,1
DA:29,1
DA:30,1
DA:31,2
DA:32,1
DA:33,1
DA:34,1
DA:35,2
DA:39,1
DA:40,2
DA:42,0
DA:43,0
DA:49,2
DA:56,1
DA:60,1
DA:61,1
DA:63,2
DA:65,1
DA:67,2
DA:68,4
DA:70,2
DA:71,1
DA:75,1
DA:76,1
DA:77,1
DA:79,1
DA:80,1
DA:81,1
DA:82,0
DA:83,1
DA:84,1
DA:85,2
DA:86,1
DA:87,1
DA:88,1
DA:89,1
DA:90,1
DA:91,1
DA:92,1
DA:95,1
DA:96,1
DA:98,1
DA:101,1
DA:102,1
DA:103,2
DA:104,4
DA:105,0
DA:106,0
DA:107,0
DA:108,0
DA:113,2
LF:59
LH:52
end_of_record
SF:lib\funcionalidades\perfil\perfil_estado.dart
DA:6,3
DA:10,1
DA:11,0
DA:12,0
DA:16,1
DA:17,1
DA:18,1
DA:22,2
DA:36,1
DA:44,1
DA:45,1
DA:46,1
DA:47,1
DA:48,1
DA:50,1
DA:53,1
DA:54,1
DA:55,1
DA:56,1
DA:57,1
DA:58,1
DA:59,1
DA:64,1
DA:66,1
DA:67,2
DA:73,0
DA:81,0
DA:82,0
DA:89,1
DA:97,1
DA:98,3
LF:31
LH:26
end_of_record
SF:lib\funcionalidades\roles\roles_cubit.dart
DA:9,2
DA:15,1
DA:16,1
DA:17,1
DA:19,3
DA:20,2
DA:21,1
DA:22,3
DA:23,1
DA:24,1
DA:31,1
DA:32,1
DA:33,1
DA:34,3
DA:35,1
DA:36,0
DA:37,0
DA:38,0
DA:39,1
DA:40,1
DA:41,1
DA:42,3
DA:46,0
DA:47,0
DA:48,0
DA:50,0
DA:51,0
DA:52,0
DA:53,0
DA:54,0
DA:58,0
DA:59,0
DA:60,0
DA:61,0
DA:62,0
DA:63,0
DA:67,0
DA:71,0
DA:72,0
DA:73,0
DA:74,0
DA:75,0
DA:76,0
DA:77,0
DA:83,1
DA:84,1
DA:86,2
DA:87,1
DA:92,2
DA:94,2
DA:95,1
DA:96,3
DA:97,3
DA:98,1
DA:100,1
DA:101,2
DA:102,0
DA:103,0
DA:104,0
DA:105,0
DA:107,0
LF:61
LH:31
end_of_record
SF:lib\funcionalidades\roles\roles_estado.dart
DA:6,3
DA:10,1
DA:11,0
DA:12,0
DA:16,1
DA:17,1
DA:18,1
DA:22,2
DA:36,1
DA:37,1
DA:38,1
DA:39,0
DA:40,1
DA:41,1
DA:44,1
DA:45,5
DA:50,0
DA:60,0
DA:61,0
DA:65,1
DA:69,1
DA:70,2
LF:22
LH:16
end_of_record
SF:lib\funcionalidades\tags\tags_cubit.dart
DA:10,2
DA:17,1
DA:18,1
DA:19,1
DA:21,3
DA:22,1
DA:23,3
DA:24,1
DA:25,1
DA:27,2
DA:31,1
DA:32,1
DA:33,1
DA:34,3
DA:35,1
DA:36,1
DA:37,1
DA:38,3
DA:39,0
DA:40,0
DA:41,0
DA:42,0
DA:46,1
DA:47,1
DA:48,2
DA:50,1
DA:51,1
DA:52,1
DA:53,1
DA:57,3
DA:58,1
DA:59,3
DA:60,3
DA:61,1
DA:62,1
DA:64,2
DA:69,1
DA:70,1
DA:71,1
DA:72,1
DA:73,1
DA:74,1
DA:80,1
DA:81,1
DA:82,1
DA:84,2
DA:85,1
DA:90,1
DA:92,1
DA:93,2
DA:94,0
DA:95,0
DA:99,1
DA:100,1
DA:101,1
DA:103,2
DA:104,1
DA:105,1
DA:106,3
DA:108,0
DA:109,0
DA:110,0
DA:113,1
DA:116,1
DA:117,1
DA:118,1
DA:120,2
DA:121,1
DA:122,1
DA:123,3
DA:125,0
DA:126,0
DA:127,0
DA:130,1
DA:133,1
DA:134,2
DA:135,1
DA:137,1
DA:138,1
DA:139,3
DA:140,3
DA:141,3
DA:143,1
LF:83
LH:71
end_of_record
SF:lib\funcionalidades\tags\tags_estado.dart
DA:6,3
DA:10,1
DA:11,0
DA:12,0
DA:16,1
DA:17,1
DA:18,1
DA:22,2
DA:32,1
DA:33,1
DA:34,1
DA:35,0
DA:36,1
DA:39,1
DA:40,4
DA:45,1
DA:50,1
DA:51,3
DA:55,1
DA:59,1
DA:60,2
DA:64,1
DA:69,1
DA:70,3
LF:24
LH:21
end_of_record
SF:lib\funcionalidades\usuarios\usuarios_cubit.dart
DA:13,2
DA:23,1
DA:24,1
DA:25,2
DA:26,1
DA:28,2
DA:29,1
DA:30,1
DA:31,2
DA:32,1
DA:33,1
DA:34,1
DA:35,3
DA:39,1
DA:40,1
DA:41,1
DA:42,3
DA:43,1
DA:44,0
DA:45,0
DA:46,0
DA:47,1
DA:48,1
DA:49,1
DA:50,3
DA:54,1
DA:55,1
DA:56,2
DA:58,1
DA:59,1
DA:60,1
DA:61,1
DA:62,1
DA:63,1
DA:67,3
DA:68,1
DA:69,4
DA:70,3
DA:71,1
DA:72,1
DA:73,1
DA:74,3
DA:75,1
DA:76,0
DA:78,1
DA:79,1
DA:83,1
DA:84,1
DA:90,0
DA:91,0
DA:94,0
DA:95,0
DA:97,0
DA:98,0
DA:100,0
DA:101,0
DA:108,0
DA:110,0
DA:111,0
DA:112,0
DA:113,0
DA:114,0
DA:115,0
DA:121,1
DA:122,1
DA:123,1
DA:125,3
DA:126,1
DA:127,2
DA:128,1
DA:129,0
DA:130,0
DA:135,1
DA:136,2
DA:137,0
DA:138,0
DA:139,0
DA:140,0
DA:142,0
DA:143,0
DA:154,1
DA:155,2
DA:157,1
DA:158,1
DA:160,1
DA:166,1
DA:167,2
DA:169,2
DA:170,1
DA:171,1
DA:173,1
DA:175,1
DA:176,1
DA:178,1
DA:184,1
DA:185,2
DA:187,1
DA:188,1
DA:198,0
DA:199,0
DA:201,0
DA:202,0
DA:206,1
DA:207,2
DA:208,2
DA:209,2
DA:211,2
DA:213,2
DA:214,1
DA:215,1
DA:217,0
DA:218,1
DA:220,0
DA:228,2
DA:230,1
DA:231,1
DA:232,1
DA:233,2
DA:234,0
DA:235,0
DA:236,0
DA:237,0
DA:241,1
DA:242,2
DA:243,2
DA:244,2
DA:246,2
DA:248,2
DA:249,1
DA:250,1
DA:251,0
DA:252,0
DA:253,0
DA:254,0
DA:255,0
DA:256,0
DA:257,0
DA:258,0
DA:262,1
DA:263,2
DA:264,2
DA:265,2
DA:267,2
DA:269,2
DA:270,1
DA:271,1
DA:273,0
DA:274,1
DA:276,0
DA:284,2
DA:286,1
DA:287,1
DA:288,1
DA:289,2
DA:290,0
DA:291,0
DA:292,0
DA:293,0
DA:299,1
DA:300,2
DA:302,2
DA:305,1
DA:306,1
DA:307,1
DA:308,1
DA:309,0
DA:310,0
DA:311,0
DA:312,0
DA:318,1
DA:320,2
DA:321,1
DA:323,1
DA:324,1
DA:325,3
DA:326,3
DA:327,3
DA:329,1
LF:178
LH:123
end_of_record
SF:lib\funcionalidades\usuarios\usuarios_estado.dart
DA:6,3
DA:10,1
DA:11,0
DA:12,0
DA:16,1
DA:17,1
DA:18,1
DA:22,2
DA:40,1
DA:49,1
DA:50,1
DA:51,1
DA:52,1
DA:53,1
DA:54,1
DA:55,1
DA:56,1
DA:59,1
DA:60,1
DA:61,1
DA:62,1
DA:63,1
DA:64,1
DA:65,1
DA:66,1
DA:67,1
DA:73,1
DA:85,1
DA:87,5
DA:91,1
DA:95,1
DA:96,2
DA:100,0
DA:108,0
DA:109,0
LF:35
LH:30
end_of_record
SF:lib\funcionalidades\estadisticas\estadisticas_modelo.dart
DA:2,0
DA:3,0
DA:4,0
DA:5,0
DA:6,0
DA:7,0
DA:9,1
DA:21,0
DA:32,1
DA:44,0
DA:45,0
DA:46,0
DA:47,0
DA:49,0
DA:59,0
DA:60,0
DA:65,0
DA:66,0
DA:67,0
DA:69,1
DA:74,0
DA:75,0
DA:77,0
DA:78,0
DA:83,0
DA:84,0
DA:85,0
DA:86,0
DA:88,0
DA:89,0
DA:90,0
DA:93,0
DA:94,0
DA:95,0
DA:96,0
DA:99,1
DA:109,0
DA:114,0
DA:115,0
DA:116,0
DA:117,0
DA:118,0
DA:120,0
DA:121,0
DA:122,0
DA:123,0
DA:125,0
DA:143,0
DA:148,0
DA:149,0
DA:150,0
DA:151,0
DA:152,0
DA:154,0
DA:156,0
DA:157,0
DA:158,0
DA:159,0
DA:161,0
DA:168,0
DA:180,0
DA:189,0
DA:190,0
DA:191,0
DA:192,0
DA:193,0
DA:194,0
DA:196,0
DA:215,0
DA:216,0
DA:217,0
DA:218,0
DA:219,0
DA:221,0
DA:236,0
DA:237,0
DA:238,0
DA:239,0
DA:240,0
DA:241,0
DA:243,0
DA:262,0
DA:263,0
DA:264,0
DA:265,0
DA:266,0
DA:267,0
DA:268,0
DA:270,0
DA:287,0
DA:292,0
DA:297,0
DA:298,0
DA:299,0
DA:300,0
DA:301,0
DA:303,0
DA:315,0
DA:316,0
DA:317,0
DA:318,0
DA:324,0
DA:325,0
DA:326,0
DA:327,0
DA:328,0
DA:330,0
LF:107
LH:4
end_of_record
SF:lib\funcionalidades\estadisticas\filtros_estadisticas.dart
DA:6,1
DA:18,6
DA:19,1
DA:20,5
DA:21,6
DA:23,1
DA:24,2
DA:25,2
DA:26,2
DA:28,1
DA:29,3
DA:30,3
DA:31,2
DA:33,1
DA:34,1
DA:35,1
DA:36,1
DA:37,5
DA:43,1
DA:49,1
DA:50,1
DA:51,1
DA:53,1
DA:54,1
DA:57,3
DA:59,1
DA:60,2
DA:61,2
DA:62,2
DA:63,1
DA:64,1
DA:65,1
DA:66,7
DA:67,2
DA:69,3
DA:72,5
LF:36
LH:36
end_of_record
SF:lib\compartido\widgets\indicadores\insignia_estado.dart
DA:7,2
DA:48,1
DA:50,2
DA:53,3
DA:55,2
DA:57,1
DA:58,1
DA:60,1
DA:61,1
DA:65,1
DA:67,1
DA:69,1
DA:71,4
LF:13
LH:13
end_of_record
SF:lib\funcionalidades\crear_usuario\crear_usuario_pantalla.dart
DA:15,1
DA:17,1
DA:18,1
DA:30,1
DA:32,1
DA:33,3
DA:34,5
DA:38,1
DA:40,2
DA:41,2
DA:42,2
DA:43,2
DA:44,2
DA:45,2
DA:46,2
DA:47,1
DA:50,1
DA:52,1
DA:54,1
DA:55,1
DA:56,3
DA:57,1
DA:58,2
DA:60,2
DA:61,1
DA:62,1
DA:63,1
DA:64,1
DA:65,1
DA:66,1
DA:67,1
DA:68,1
DA:76,1
DA:96,1
DA:98,1
DA:99,1
DA:101,1
DA:103,1
DA:104,1
DA:105,0
DA:108,1
DA:109,1
DA:110,1
DA:113,1
DA:114,1
DA:115,1
DA:118,1
DA:121,1
DA:124,1
DA:127,1
DA:131,1
DA:134,1
DA:137,1
DA:139,1
DA:140,1
DA:141,1
DA:142,1
DA:143,2
DA:144,2
DA:145,2
DA:146,2
DA:147,2
DA:148,2
DA:159,1
DA:163,1
DA:165,2
DA:166,1
DA:168,1
DA:169,2
DA:171,2
DA:173,1
DA:175,1
DA:183,1
DA:191,1
DA:193,1
DA:195,1
DA:196,1
DA:197,1
DA:200,1
DA:204,1
DA:205,1
DA:208,1
DA:217,1
DA:225,1
DA:227,1
DA:229,1
DA:230,1
DA:231,1
DA:234,1
DA:238,1
DA:239,1
DA:242,1
LF:92
LH:91
end_of_record
